0 info it worked if it ends with ok
1 verbose cli [ 'C:\\Program Files\\nodejs\\node.exe',
1 verbose cli   'C:\\Users\\malonem\\AppData\\Roaming\\npm\\node_modules\\npm\\bin\\npm-cli.js',
1 verbose cli   'version',
1 verbose cli   'minor' ]
2 info using npm@3.8.2
3 info using node@v5.3.0
4 info git [ 'status', '--porcelain' ]
5 verbose stack Error: Git working directory not clean.
5 verbose stack D dist/amd/classes.js
5 verbose stack D dist/amd/dragula-and-drop.js
5 verbose stack D dist/amd/dragula.js
5 verbose stack D dist/amd/emitter.js
5 verbose stack D dist/amd/index.js
5 verbose stack D dist/amd/options.js
5 verbose stack D dist/amd/touchy.js
5 verbose stack D dist/amd/util.js
5 verbose stack D dist/commonjs/classes.js
5 verbose stack D dist/commonjs/dragula-and-drop.js
5 verbose stack D dist/commonjs/dragula.js
5 verbose stack D dist/commonjs/emitter.js
5 verbose stack D dist/commonjs/index.js
5 verbose stack D dist/commonjs/options.js
5 verbose stack D dist/commonjs/touchy.js
5 verbose stack D dist/commonjs/util.js
5 verbose stack D dist/es6/classes.js
5 verbose stack D dist/es6/dragula-and-drop.js
5 verbose stack D dist/es6/dragula.js
5 verbose stack D dist/es6/emitter.js
5 verbose stack D dist/es6/index.js
5 verbose stack D dist/es6/options.js
5 verbose stack D dist/es6/touchy.js
5 verbose stack D dist/es6/util.js
5 verbose stack D dist/system/classes.js
5 verbose stack D dist/system/dragula-and-drop.js
5 verbose stack D dist/system/dragula.js
5 verbose stack D dist/system/emitter.js
5 verbose stack D dist/system/index.js
5 verbose stack D dist/system/options.js
5 verbose stack D dist/system/touchy.js
5 verbose stack D dist/system/util.js
5 verbose stack     at C:\Users\malonem\AppData\Roaming\npm\node_modules\npm\lib\version.js:246:19
5 verbose stack     at ChildProcess.exithandler (child_process.js:204:7)
5 verbose stack     at emitTwo (events.js:87:13)
5 verbose stack     at ChildProcess.emit (events.js:172:7)
5 verbose stack     at maybeClose (internal/child_process.js:818:16)
5 verbose stack     at Process.ChildProcess._handle.onexit (internal/child_process.js:211:5)
6 verbose cwd C:\work\aurelia-dragula
7 error Windows_NT 10.0.10586
8 error argv "C:\\Program Files\\nodejs\\node.exe" "C:\\Users\\malonem\\AppData\\Roaming\\npm\\node_modules\\npm\\bin\\npm-cli.js" "version" "minor"
9 error node v5.3.0
10 error npm  v3.8.2
11 error Git working directory not clean.
11 error D dist/amd/classes.js
11 error D dist/amd/dragula-and-drop.js
11 error D dist/amd/dragula.js
11 error D dist/amd/emitter.js
11 error D dist/amd/index.js
11 error D dist/amd/options.js
11 error D dist/amd/touchy.js
11 error D dist/amd/util.js
11 error D dist/commonjs/classes.js
11 error D dist/commonjs/dragula-and-drop.js
11 error D dist/commonjs/dragula.js
11 error D dist/commonjs/emitter.js
11 error D dist/commonjs/index.js
11 error D dist/commonjs/options.js
11 error D dist/commonjs/touchy.js
11 error D dist/commonjs/util.js
11 error D dist/es6/classes.js
11 error D dist/es6/dragula-and-drop.js
11 error D dist/es6/dragula.js
11 error D dist/es6/emitter.js
11 error D dist/es6/index.js
11 error D dist/es6/options.js
11 error D dist/es6/touchy.js
11 error D dist/es6/util.js
11 error D dist/system/classes.js
11 error D dist/system/dragula-and-drop.js
11 error D dist/system/dragula.js
11 error D dist/system/emitter.js
11 error D dist/system/index.js
11 error D dist/system/options.js
11 error D dist/system/touchy.js
11 error D dist/system/util.js
12 error If you need help, you may report this error at:
12 error     <https://github.com/npm/npm/issues>
13 verbose exit [ 1, true ]
